<?xml version="1.0" encoding="UTF-8"?>
<testsuite xmlns:xsi="http://www.w3.org/2001/XMLSchema-instance" xsi:noNamespaceSchemaLocation="https://maven.apache.org/surefire/maven-surefire-plugin/xsd/surefire-test-report.xsd" name="com.bridgelabz.UserReg.UserRegistrationTest" time="0.067" tests="18" errors="0" skipped="0" failures="0">
  <properties>
[...]
</properties>
  <testcase name="givenPassword_WhenAtleastOneUpperCase_ReturnTrue" classname="com.bridgelabz.UserReg.UserRegistrationTest" time="0.003"/>
  <testcase name="givenLastName_WhenDoesNotStartWithCapital_ReturnFalse" classname="com.bridgelabz.UserReg.UserRegistrationTest" time="0"/>
  <testcase name="givenMobile_WhenNotATenDigitNumber_ReturnFalse" classname="com.bridgelabz.UserReg.UserRegistrationTest" time="0"/>
  <testcase name="givenPassword_WhenMoreThanOneSpecialCharacter_ReturnFalse" classname="com.bridgelabz.UserReg.UserRegistrationTest" time="0.001"/>
  <testcase name="givenName_WhenPatternMatches_ReturnTrue" classname="com.bridgelabz.UserReg.UserRegistrationTest" time="0"/>
  <testcase name="givenLastName_WhenPatternMatches_ReturnTrue" classname="com.bridgelabz.UserReg.UserRegistrationTest" time="0"/>
  <testcase name="givenPassword_WhenNoSpecialCharacter_ReturnFalse" classname="com.bridgelabz.UserReg.UserRegistrationTest" time="0"/>
  <testcase name="givenName_WhenDoesNotStartWithCapital_ReturnFalse" classname="com.bridgelabz.UserReg.UserRegistrationTest" time="0"/>
  <testcase name="givenPassword_WhenNoNumeric_ReturnFalse" classname="com.bridgelabz.UserReg.UserRegistrationTest" time="0"/>
  <testcase name="givenLastName_WhenLessThanThreeCharacters_ReturnFalse" classname="com.bridgelabz.UserReg.UserRegistrationTest" time="0"/>
  <testcase name="givenPassword_WhenNotMinimumEightCharacters_ReturnFalse" classname="com.bridgelabz.UserReg.UserRegistrationTest" time="0"/>
  <testcase name="givenPassword_WhenAtleastOneNumeric_ReturnTrue" classname="com.bridgelabz.UserReg.UserRegistrationTest" time="0"/>
  <testcase name="givenMobile_WhenNoCountryCode_ReturnFalse" classname="com.bridgelabz.UserReg.UserRegistrationTest" time="0.002"/>
  <testcase name="givenPassword_WhenNoUpperCase_ReturnFalse" classname="com.bridgelabz.UserReg.UserRegistrationTest" time="0"/>
  <testcase name="givenPassword_WhenExactlyOneSpecialCharacter_ReturnTrue" classname="com.bridgelabz.UserReg.UserRegistrationTest" time="0"/>
  <testcase name="givenName_WhenLessThanThreeCharacters_ReturnFalse" classname="com.bridgelabz.UserReg.UserRegistrationTest" time="0.003"/>
  <testcase name="givenPassword_WhenMinimumEightCharacters_ReturnTrue" classname="com.bridgelabz.UserReg.UserRegistrationTest" time="0"/>
  <testcase name="givenMobile_WhenPatternMatches_ReturnTrue" classname="com.bridgelabz.UserReg.UserRegistrationTest" time="0"/>
</testsuite>